<?xml version="1.0" encoding="UTF-8"?>
<testsuite name="TestSuite" time="510.682" tests="1" errors="0" skipped="0" failures="1">
  <properties>
    <property name="java.runtime.name" value="Java(TM) SE Runtime Environment"/>
    <property name="sun.boot.library.path" value="C:\Program Files\Java\jdk1.8.0_281\jre\bin"/>
    <property name="java.vm.version" value="25.281-b09"/>
    <property name="java.vm.vendor" value="Oracle Corporation"/>
    <property name="maven.multiModuleProjectDirectory" value="C:\Users\Karthick Mandadi\eclipse-workspace\ootb-selenium-tests"/>
    <property name="java.vendor.url" value="http://java.oracle.com/"/>
    <property name="path.separator" value=";"/>
    <property name="guice.disable.misplaced.annotation.check" value="true"/>
    <property name="java.vm.name" value="Java HotSpot(TM) 64-Bit Server VM"/>
    <property name="file.encoding.pkg" value="sun.io"/>
    <property name="user.script" value=""/>
    <property name="user.country" value="IN"/>
    <property name="sun.java.launcher" value="SUN_STANDARD"/>
    <property name="sun.os.patch.level" value=""/>
    <property name="java.vm.specification.name" value="Java Virtual Machine Specification"/>
    <property name="user.dir" value="C:\Users\Karthick Mandadi\eclipse-workspace\ootb-selenium-tests"/>
    <property name="java.runtime.version" value="1.8.0_281-b09"/>
    <property name="java.awt.graphicsenv" value="sun.awt.Win32GraphicsEnvironment"/>
    <property name="java.endorsed.dirs" value="C:\Program Files\Java\jdk1.8.0_281\jre\lib\endorsed"/>
    <property name="os.arch" value="amd64"/>
    <property name="java.io.tmpdir" value="C:\Users\KARTHI~1\AppData\Local\Temp\"/>
    <property name="line.separator" value="&#10;"/>
    <property name="java.vm.specification.vendor" value="Oracle Corporation"/>
    <property name="user.variant" value=""/>
    <property name="os.name" value="Windows 10"/>
    <property name="classworlds.conf" value="C:\Users\Karthick Mandadi\eclipse-workspace\.metadata\.plugins\org.eclipse.m2e.launching\launches\m2conf2232410220123859190.tmp"/>
    <property name="sun.jnu.encoding" value="Cp1252"/>
    <property name="java.library.path" value="C:\Program Files\Java\jdk1.8.0_281\bin;C:\Windows\Sun\Java\bin;C:\Windows\system32;C:\Windows;C:/Users/Karthick Mandadi/.p2/pool/plugins/org.eclipse.justj.openjdk.hotspot.jre.full.win32.x86_64_15.0.2.v20210201-0955/jre/bin/server;C:/Users/Karthick Mandadi/.p2/pool/plugins/org.eclipse.justj.openjdk.hotspot.jre.full.win32.x86_64_15.0.2.v20210201-0955/jre/bin;C:\Program Files (x86)\Common Files\Oracle\Java\javapath;C:\Windows\system32;C:\Windows;C:\Windows\System32\Wbem;C:\Windows\System32\WindowsPowerShell\v1.0\;C:\Windows\System32\OpenSSH\;C:\Program Files\Java\jdk1.8.0_281bin;C:\Program Files\Java\jdk1.8.0_281bin;C:\Program Files\Git\cmd;C:\Users\Karthick Mandadi\AppData\Local\Microsoft\WindowsApps;C:\Users\Karthick Mandadi\AppData\Local\GitHubDesktop\bin;C:\Windows\System32;;."/>
    <property name="java.specification.name" value="Java Platform API Specification"/>
    <property name="java.class.version" value="52.0"/>
    <property name="sun.management.compiler" value="HotSpot 64-Bit Tiered Compilers"/>
    <property name="os.version" value="10.0"/>
    <property name="user.home" value="C:\Users\Karthick Mandadi"/>
    <property name="user.timezone" value="Asia/Calcutta"/>
    <property name="java.awt.printerjob" value="sun.awt.windows.WPrinterJob"/>
    <property name="java.specification.version" value="1.8"/>
    <property name="file.encoding" value="Cp1252"/>
    <property name="user.name" value="Karthick Mandadi"/>
    <property name="java.class.path" value="C:\Users\Karthick Mandadi\.p2\pool\plugins\org.eclipse.m2e.maven.runtime_1.16.0.20200610-1735\jars\plexus-classworlds-2.6.0.jar"/>
    <property name="java.vm.specification.version" value="1.8"/>
    <property name="sun.arch.data.model" value="64"/>
    <property name="java.home" value="C:\Program Files\Java\jdk1.8.0_281\jre"/>
    <property name="sun.java.command" value="org.codehaus.plexus.classworlds.launcher.Launcher -B test"/>
    <property name="java.specification.vendor" value="Oracle Corporation"/>
    <property name="user.language" value="en"/>
    <property name="awt.toolkit" value="sun.awt.windows.WToolkit"/>
    <property name="java.vm.info" value="mixed mode"/>
    <property name="java.version" value="1.8.0_281"/>
    <property name="java.ext.dirs" value="C:\Program Files\Java\jdk1.8.0_281\jre\lib\ext;C:\Windows\Sun\Java\lib\ext"/>
    <property name="sun.boot.class.path" value="C:\Program Files\Java\jdk1.8.0_281\jre\lib\resources.jar;C:\Program Files\Java\jdk1.8.0_281\jre\lib\rt.jar;C:\Program Files\Java\jdk1.8.0_281\jre\lib\sunrsasign.jar;C:\Program Files\Java\jdk1.8.0_281\jre\lib\jsse.jar;C:\Program Files\Java\jdk1.8.0_281\jre\lib\jce.jar;C:\Program Files\Java\jdk1.8.0_281\jre\lib\charsets.jar;C:\Program Files\Java\jdk1.8.0_281\jre\lib\jfr.jar;C:\Program Files\Java\jdk1.8.0_281\jre\classes"/>
    <property name="java.vendor" value="Oracle Corporation"/>
    <property name="maven.home" value="C:\Users\Karthick Mandadi\eclipse-workspace\ootb-selenium-tests\EMBEDDED"/>
    <property name="file.separator" value="\"/>
    <property name="java.vendor.url.bug" value="http://bugreport.sun.com/bugreport/"/>
    <property name="sun.cpu.endian" value="little"/>
    <property name="sun.io.unicode.encoding" value="UnicodeLittle"/>
    <property name="sun.desktop" value="windows"/>
    <property name="sun.cpu.isalist" value="amd64"/>
  </properties>
  <testcase name="feature" classname="RunCukesTest" time="510.682">
    <failure message="com.pega.exceptions.PegaElementNotFoundException: no such element: Unable to locate element: {&quot;method&quot;:&quot;xpath&quot;,&quot;selector&quot;:&quot;//span[text()=&apos;Territories&apos;]&quot;}&#10;  (Session info: chrome=89.0.4389.82)&#10;For documentation on this error, please visit: https://www.seleniumhq.org/exceptions/no_such_element.html&#10;Build info: version: &apos;3.141.59&apos;, revision: &apos;e82be7d358&apos;, time: &apos;2018-11-14T08:17:03&apos;&#10;System info: host: &apos;DESKTOP-4GOC9V2&apos;, ip: &apos;192.168.29.157&apos;, os.name: &apos;Windows 10&apos;, os.arch: &apos;amd64&apos;, os.version: &apos;10.0&apos;, java.version: &apos;1.8.0_281&apos;&#10;Driver info: org.openqa.selenium.chrome.ChromeDriver&#10;Capabilities {acceptInsecureCerts: false, browserName: chrome, browserVersion: 89.0.4389.82, chrome: {chromedriverVersion: 89.0.4389.23 (61b08ee2c5002..., userDataDir: C:\Users\KARTHI~1\AppData\L...}, goog:chromeOptions: {debuggerAddress: localhost:58102}, javascriptEnabled: true, networkConnectionEnabled: false, pageLoadStrategy: normal, platform: WINDOWS, platformName: WINDOWS, proxy: Proxy(), setWindowRect: true, strictFileInteractability: false, timeouts: {implicit: 0, pageLoad: 300000, script: 30000}, unhandledPromptBehavior: dismiss and notify, webauthn:extension:largeBlob: true, webauthn:virtualAuthenticators: true}&#10;Session ID: b3b36a88e714966d8b1fd9c67608b064&#10;*** Element info: {Using=xpath, value=//span[text()=&apos;Territories&apos;]}&#10;Build info: version: &apos;3.141.59&apos;, revision: &apos;e82be7d358&apos;, time: &apos;2018-11-14T08:17:03&apos;&#10;System info: host: &apos;DESKTOP-4GOC9V2&apos;, ip: &apos;192.168.29.157&apos;, os.name: &apos;Windows 10&apos;, os.arch: &apos;amd64&apos;, os.version: &apos;10.0&apos;, java.version: &apos;1.8.0_281&apos;&#10;Driver info: driver.version: unknown" type="cucumber.runtime.CucumberException">cucumber.runtime.CucumberException: com.pega.exceptions.PegaElementNotFoundException: no such element: Unable to locate element: {"method":"xpath","selector":"//span[text()='Territories']"}
  (Session info: chrome=89.0.4389.82)
For documentation on this error, please visit: https://www.seleniumhq.org/exceptions/no_such_element.html
Build info: version: '3.141.59', revision: 'e82be7d358', time: '2018-11-14T08:17:03'
System info: host: 'DESKTOP-4GOC9V2', ip: '192.168.29.157', os.name: 'Windows 10', os.arch: 'amd64', os.version: '10.0', java.version: '1.8.0_281'
Driver info: org.openqa.selenium.chrome.ChromeDriver
Capabilities {acceptInsecureCerts: false, browserName: chrome, browserVersion: 89.0.4389.82, chrome: {chromedriverVersion: 89.0.4389.23 (61b08ee2c5002..., userDataDir: C:\Users\KARTHI~1\AppData\L...}, goog:chromeOptions: {debuggerAddress: localhost:58102}, javascriptEnabled: true, networkConnectionEnabled: false, pageLoadStrategy: normal, platform: WINDOWS, platformName: WINDOWS, proxy: Proxy(), setWindowRect: true, strictFileInteractability: false, timeouts: {implicit: 0, pageLoad: 300000, script: 30000}, unhandledPromptBehavior: dismiss and notify, webauthn:extension:largeBlob: true, webauthn:virtualAuthenticators: true}
Session ID: b3b36a88e714966d8b1fd9c67608b064
*** Element info: {Using=xpath, value=//span[text()='Territories']}
Build info: version: '3.141.59', revision: 'e82be7d358', time: '2018-11-14T08:17:03'
System info: host: 'DESKTOP-4GOC9V2', ip: '192.168.29.157', os.name: 'Windows 10', os.arch: 'amd64', os.version: '10.0', java.version: '1.8.0_281'
Driver info: driver.version: unknown
	at cucumber.api.testng.TestNGCucumberRunner.runCucumber(TestNGCucumberRunner.java:69)
	at cucumber.api.testng.AbstractTestNGCucumberTests.feature(AbstractTestNGCucumberTests.java:21)
	at sun.reflect.NativeMethodAccessorImpl.invoke0(Native Method)
	at sun.reflect.NativeMethodAccessorImpl.invoke(NativeMethodAccessorImpl.java:62)
	at sun.reflect.DelegatingMethodAccessorImpl.invoke(DelegatingMethodAccessorImpl.java:43)
	at java.lang.reflect.Method.invoke(Method.java:498)
	at org.testng.internal.MethodInvocationHelper.invokeMethod(MethodInvocationHelper.java:84)
	at org.testng.internal.Invoker.invokeMethod(Invoker.java:714)
	at org.testng.internal.Invoker.invokeTestMethod(Invoker.java:901)
	at org.testng.internal.Invoker.invokeTestMethods(Invoker.java:1231)
	at org.testng.internal.TestMethodWorker.invokeTestMethods(TestMethodWorker.java:127)
	at org.testng.internal.TestMethodWorker.run(TestMethodWorker.java:111)
	at org.testng.TestRunner.privateRun(TestRunner.java:767)
	at org.testng.TestRunner.run(TestRunner.java:617)
	at org.testng.SuiteRunner.runTest(SuiteRunner.java:348)
	at org.testng.SuiteRunner.runSequentially(SuiteRunner.java:343)
	at org.testng.SuiteRunner.privateRun(SuiteRunner.java:305)
	at org.testng.SuiteRunner.run(SuiteRunner.java:254)
	at org.testng.SuiteRunnerWorker.runSuite(SuiteRunnerWorker.java:52)
	at org.testng.SuiteRunnerWorker.run(SuiteRunnerWorker.java:86)
	at org.testng.TestNG.runSuitesSequentially(TestNG.java:1224)
	at org.testng.TestNG.runSuitesLocally(TestNG.java:1149)
	at org.testng.TestNG.run(TestNG.java:1057)
	at org.apache.maven.surefire.testng.TestNGExecutor.run(TestNGExecutor.java:115)
	at org.apache.maven.surefire.testng.TestNGDirectoryTestSuite.executeMulti(TestNGDirectoryTestSuite.java:205)
	at org.apache.maven.surefire.testng.TestNGDirectoryTestSuite.execute(TestNGDirectoryTestSuite.java:108)
	at org.apache.maven.surefire.testng.TestNGProvider.invoke(TestNGProvider.java:111)
	at org.apache.maven.surefire.booter.ForkedBooter.invokeProviderInSameClassLoader(ForkedBooter.java:203)
	at org.apache.maven.surefire.booter.ForkedBooter.runSuitesInProcess(ForkedBooter.java:155)
	at org.apache.maven.surefire.booter.ForkedBooter.main(ForkedBooter.java:103)
Caused by: com.pega.exceptions.PegaElementNotFoundException: no such element: Unable to locate element: {"method":"xpath","selector":"//span[text()='Territories']"}
  (Session info: chrome=89.0.4389.82)
For documentation on this error, please visit: https://www.seleniumhq.org/exceptions/no_such_element.html
Build info: version: '3.141.59', revision: 'e82be7d358', time: '2018-11-14T08:17:03'
System info: host: 'DESKTOP-4GOC9V2', ip: '192.168.29.157', os.name: 'Windows 10', os.arch: 'amd64', os.version: '10.0', java.version: '1.8.0_281'
Driver info: org.openqa.selenium.chrome.ChromeDriver
Capabilities {acceptInsecureCerts: false, browserName: chrome, browserVersion: 89.0.4389.82, chrome: {chromedriverVersion: 89.0.4389.23 (61b08ee2c5002..., userDataDir: C:\Users\KARTHI~1\AppData\L...}, goog:chromeOptions: {debuggerAddress: localhost:58102}, javascriptEnabled: true, networkConnectionEnabled: false, pageLoadStrategy: normal, platform: WINDOWS, platformName: WINDOWS, proxy: Proxy(), setWindowRect: true, strictFileInteractability: false, timeouts: {implicit: 0, pageLoad: 300000, script: 30000}, unhandledPromptBehavior: dismiss and notify, webauthn:extension:largeBlob: true, webauthn:virtualAuthenticators: true}
Session ID: b3b36a88e714966d8b1fd9c67608b064
*** Element info: {Using=xpath, value=//span[text()='Territories']}
Build info: version: '3.141.59', revision: 'e82be7d358', time: '2018-11-14T08:17:03'
System info: host: 'DESKTOP-4GOC9V2', ip: '192.168.29.157', os.name: 'Windows 10', os.arch: 'amd64', os.version: '10.0', java.version: '1.8.0_281'
Driver info: driver.version: unknown
	at com.pega.framework.WaitHandlerImpl.waitForElementPresence(WaitHandlerImpl.java:217)
	at com.pega.framework.WaitHandlerImpl.waitForElementPresence(WaitHandlerImpl.java:206)
	at com.pega.framework.PegaWebDriverImpl.findElement(PegaWebDriverImpl.java:83)
	at com.pega.page.TopDocumentImpl.findElement(TopDocumentImpl.java:50)
	at com.pega.page.TopDocumentImpl.findElement(TopDocumentImpl.java:55)
	at com.pega.crm.customerservice.tiles.impl.PegaLeftNav.getTerritoriesList(PegaLeftNav.java:150)
	at com.pega.crm.salesautomation.stepdefs.BusinessTerritory.user_Navigates_to_Territories_tab_to_Create_Territories(BusinessTerritory.java:73)
	at ✽.When User Navigates to Territories tab(salesautomation/features/BusinessTerritory.feature:10)
</failure>
    <system-out><![CDATA[Configuring TestNG with: TestNG652Configurator
Implementation class for TestEnvironment interface is: com.pega.CRMTestEnvironment
@businessterritory @smoke @smoke-sales-automation
Feature: Sales Automation Business Territory feature
  Test covering the creation of Business Territory in Sales Automation

  @TC-create-business-territory
  Scenario Outline: create a Business Territory Hierarchy by Global Sales Ops                                          &amp#27;[90m# salesautomation/features/BusinessTerritory.feature:9&amp#27;[0m
    &amp#27;[36mWhen &amp#27;[0m&amp#27;[36mUser Navigates to Territories tab&amp#27;[0m
    &amp#27;[36mWhen &amp#27;[0m&amp#27;[36mUser clicks on Create Territory button&amp#27;[0m
    &amp#27;[36mThen &amp#27;[0m&amp#27;[36mverify that Business Territory New modal dialog is displayed&amp#27;[0m
    &amp#27;[36mWhen &amp#27;[0m&amp#27;[36mUser enters the data for "<Territory Name>" "<Parent Territory>" "<Owner>" "<ReservedForPartner>" and submits&amp#27;[0m
    &amp#27;[36mThen &amp#27;[0m&amp#27;[36mverify that Business Territory with name "<Territory Name>" and "<Owner>" is created&amp#27;[0m

    Examples: 
10:41:03.371 [main] INFO  com.pega.config.SUTConfig - Setting is.pipeline.run property to false
10:41:03.423 [main] INFO  com.pega.config.SUTConfig - Debug mode is: false
10:41:03.424 [main] INFO  com.pega.TestEnvironmentImpl - Logger level is set to : INFO
10:41:03.833 [main] INFO  com.pega.config.util.GetChromeDriver - yes chrome.exe exists
10:41:04.224 [main] INFO  com.pega.config.util.GetChromeDriver - current driver version is 2.46.628402
10:41:04.227 [main] INFO  com.pega.config.util.GetChromeDriver - current version of chrome 2.46.628402
10:41:05.530 [main] INFO  com.pega.config.util.GetChromeDriver - Chrome Version: 89	ChromeDriver version needed:89.0.4389.23
10:41:05.530 [main] INFO  com.pega.config.util.GetChromeDriver - Downloading the required chrome driver
10:43:52.146 [main] INFO  com.pega.drivers.PegaChromeDriver - Chrome Driver launched successfully
10:43:52.443 [main] INFO  com.pega.TestEnvironmentImpl - Driver is initialised::ChromeDriver: chrome on WINDOWS (b3b36a88e714966d8b1fd9c67608b064)
10:43:52.444 [main] INFO  com.pega.Browser - Opening the URL
10:43:53.579 [main] INFO  com.pega.Browser - Opening the URL
10:43:53.695 [main] INFO  com.pega.Browser - Logging in the user
10:43:53.699 [main] INFO  com.pega.framework.PegaWebDriver - element identification by logic:By.id: txtUserID
10:43:53.827 [main] INFO  com.pega.framework.PegaWebDriver - element identification by logic:By.id: txtPassword
10:43:54.091 [main] INFO  com.pega.framework.PegaWebDriver - element identification by logic:By.name: pyActivity=Code-Security.Login
10:44:18.828 [main] INFO  com.pega.sync.WaitForDocStateReady - Document currently active, waiting entire document to load
........................................................................................................

  Background:                                        &amp#27;[90m# salesautomation/features/BusinessTerritory.feature:5&amp#27;[0m
    &amp#27;[32mGiven &amp#27;[0m&amp#27;[32mUser logs in to SA Application as salesops&amp#27;[0m &amp#27;[90m# CRMBrowser.user_logs_in_to_SA_Application_as_salesops()&amp#27;[0m
10:44:25.319 [main] INFO  com.pega.framework.PegaWebDriver - element identification by logic:By.xpath: //span[text()='Territories']

  @smoke @TC-create-business-territory @smoke-sales-automation @businessterritory
  Scenario Outline: create a Business Territory Hierarchy by Global Sales Ops                            &amp#27;[90m# salesautomation/features/BusinessTerritory.feature:18&amp#27;[0m
    &amp#27;[31mWhen &amp#27;[0m&amp#27;[31mUser Navigates to Territories tab&amp#27;[0m                                                               &amp#27;[90m# BusinessTerritory.user_Navigates_to_Territories_tab_to_Create_Territories()&amp#27;[0m
      &amp#27;[31mcom.pega.exceptions.PegaElementNotFoundException: no such element: Unable to locate element: {"method":"xpath","selector":"//span[text()='Territories']"}
        (Session info: chrome=89.0.4389.82)
      For documentation on this error, please visit: https://www.seleniumhq.org/exceptions/no_such_element.html
      Build info: version: '3.141.59', revision: 'e82be7d358', time: '2018-11-14T08:17:03'
      System info: host: 'DESKTOP-4GOC9V2', ip: '192.168.29.157', os.name: 'Windows 10', os.arch: 'amd64', os.version: '10.0', java.version: '1.8.0_281'
      Driver info: org.openqa.selenium.chrome.ChromeDriver
      Capabilities {acceptInsecureCerts: false, browserName: chrome, browserVersion: 89.0.4389.82, chrome: {chromedriverVersion: 89.0.4389.23 (61b08ee2c5002..., userDataDir: C:\Users\KARTHI~1\AppData\L...}, goog:chromeOptions: {debuggerAddress: localhost:58102}, javascriptEnabled: true, networkConnectionEnabled: false, pageLoadStrategy: normal, platform: WINDOWS, platformName: WINDOWS, proxy: Proxy(), setWindowRect: true, strictFileInteractability: false, timeouts: {implicit: 0, pageLoad: 300000, script: 30000}, unhandledPromptBehavior: dismiss and notify, webauthn:extension:largeBlob: true, webauthn:virtualAuthenticators: true}
      Session ID: b3b36a88e714966d8b1fd9c67608b064
      *** Element info: {Using=xpath, value=//span[text()='Territories']}
      Build info: version: '3.141.59', revision: 'e82be7d358', time: '2018-11-14T08:17:03'
      System info: host: 'DESKTOP-4GOC9V2', ip: '192.168.29.157', os.name: 'Windows 10', os.arch: 'amd64', os.version: '10.0', java.version: '1.8.0_281'
      Driver info: driver.version: unknown
      	at com.pega.framework.WaitHandlerImpl.waitForElementPresence(WaitHandlerImpl.java:217)
      	at com.pega.framework.WaitHandlerImpl.waitForElementPresence(WaitHandlerImpl.java:206)
      	at com.pega.framework.PegaWebDriverImpl.findElement(PegaWebDriverImpl.java:83)
      	at com.pega.page.TopDocumentImpl.findElement(TopDocumentImpl.java:50)
      	at com.pega.page.TopDocumentImpl.findElement(TopDocumentImpl.java:55)
      	at com.pega.crm.customerservice.tiles.impl.PegaLeftNav.getTerritoriesList(PegaLeftNav.java:150)
      	at com.pega.crm.salesautomation.stepdefs.BusinessTerritory.user_Navigates_to_Territories_tab_to_Create_Territories(BusinessTerritory.java:73)
      	at âœ½.When User Navigates to Territories tab(salesautomation/features/BusinessTerritory.feature:10)
      &amp#27;[0m
    &amp#27;[36mWhen &amp#27;[0m&amp#27;[36mUser clicks on Create Territory button&amp#27;[0m                                                          &amp#27;[90m# BusinessTerritory.user_clicks_on_Create_Territory_button()&amp#27;[0m
    &amp#27;[36mThen &amp#27;[0m&amp#27;[36mverify that Business Territory New modal dialog is displayed&amp#27;[0m                                    &amp#27;[90m# BusinessTerritory.verify_that_Business_Territory_New_modal_dialog_is_displayed()&amp#27;[0m
    &amp#27;[36mWhen &amp#27;[0m&amp#27;[36mUser enters the data for "&amp#27;[0m&amp#27;[36m&amp#27;[1mSouth East&amp#27;[0m&amp#27;[36m" "&amp#27;[0m&amp#27;[36m&amp#27;[1mGlobal&amp#27;[0m&amp#27;[36m" "&amp#27;[0m&amp#27;[36m&amp#27;[1mTerry Mason&amp#27;[0m&amp#27;[36m" "&amp#27;[0m&amp#27;[36m&amp#27;[1m<ReservedForPartner>&amp#27;[0m&amp#27;[36m" and submits&amp#27;[0m &amp#27;[90m# BusinessTerritory.user_enters_the_data_and_submits(String,String,String,String)&amp#27;[0m
    &amp#27;[36mThen &amp#27;[0m&amp#27;[36mverify that Business Territory with name "&amp#27;[0m&amp#27;[36m&amp#27;[1mSouth East&amp#27;[0m&amp#27;[36m" and "&amp#27;[0m&amp#27;[36m&amp#27;[1mTerry Mason&amp#27;[0m&amp#27;[36m" is created&amp#27;[0m              &amp#27;[90m# BusinessTerritory.verify_that_Business_Territory_is_created(String,String)&amp#27;[0m
]]></system-out>
    <system-err><![CDATA[Starting ChromeDriver 89.0.4389.23 (61b08ee2c50024bab004e48d2b1b083cdbdac579-refs/branch-heads/4389@{#294}) on port 37138
Only local connections are allowed.
Please see https://chromedriver.chromium.org/security-considerations for suggestions on keeping ChromeDriver safe.
ChromeDriver was started successfully.
[1615266830.780][WARNING]: Deprecated chrome option is ignored: useAutomationExtension
[1615266830.780][WARNING]: Deprecated chrome option is ignored: useAutomationExtension
Mar 09, 2021 10:43:52 AM org.openqa.selenium.remote.ProtocolHandshake createSession
INFO: Detected dialect: W3C
]]></system-err>
  </testcase>
</testsuite>